<?xml version="1.0" encoding="UTF-8"?>
<!-- Generated by org.testng.reporters.JUnitXMLReporter -->
<testsuite hostname="AGI-LT-1394" ignored="0" name="Test2" tests="2" failures="1" timestamp="26 Oct 2021 05:16:00 GMT" time="38.351" errors="0">
  <testcase name="STEP01" time="18.409" classname="googleTest.TS002"/>
  <testcase name="step02" time="10.05" classname="googleTest.TS003">
    <failure type="java.lang.AssertionError" message="expected [Google] but found [Googles]">
      <![CDATA[java.lang.AssertionError: expected [Google] but found [Googles]
	at googleTest.TS003.step02(TS003.java:16)
... Removed 31 stack frames]]>
    </failure>
  </testcase> <!-- step02 -->
</testsuite> <!-- Test2 -->
