-------------------------------------------------------------------------------
Test set: TestSuite
-------------------------------------------------------------------------------
Tests run: 3, Failures: 1, Errors: 0, Skipped: 0, Time elapsed: 57.256 s <<< FAILURE! - in TestSuite
googleTest.TS003.step02  Time elapsed: 7.462 s  <<< FAILURE!
java.lang.AssertionError: expected [Google] but found [Googles]
	at googleTest.TS003.step02(TS003.java:16)

