<?xml version="1.0" encoding="UTF-8"?>
<!-- Generated by org.testng.reporters.JUnitXMLReporter -->
<testsuite hostname="AGI-LT-1394" ignored="0" name="Test2" tests="2" failures="1" timestamp="2021-10-26T12:34:26 IST" time="34.0" errors="0">
  <testcase name="STEP01" time="23.25" classname="googleTest.TS002"/>
  <testcase name="step02" time="7.44" classname="googleTest.TS003">
    <failure type="java.lang.AssertionError" message="expected [Google] but found [Googles]">
      <![CDATA[java.lang.AssertionError: expected [Google] but found [Googles]
at googleTest.TS003.step02(TS003.java:16)
at java.util.ArrayList.forEach(ArrayList.java:1257)
... Removed 37 stack frames]]>
    </failure>
  </testcase> <!-- step02 -->
</testsuite> <!-- Test2 -->
